{"/home/usulpro/WebDev/_sm-react/storybook-addon-console/src/index.js": {"path":"/home/usulpro/WebDev/_sm-react/storybook-addon-console/src/index.js","statementMap":{"0":{"start":{"line":4,"column":15},"end":{"line":4,"column":22}},"1":{"start":{"line":5,"column":16},"end":{"line":9,"column":1}},"2":{"start":{"line":11,"column":21},"end":{"line":19,"column":1}},"3":{"start":{"line":21,"column":21},"end":{"line":25,"column":2}},"4":{"start":{"line":21,"column":33},"end":{"line":25,"column":1}},"5":{"start":{"line":33,"column":22},"end":{"line":45,"column":1}},"6":{"start":{"line":34,"column":2},"end":{"line":38,"column":3}},"7":{"start":{"line":35,"column":4},"end":{"line":37,"column":6}},"8":{"start":{"line":36,"column":15},"end":{"line":36,"column":92}},"9":{"start":{"line":36,"column":65},"end":{"line":36,"column":83}},"10":{"start":{"line":39,"column":2},"end":{"line":43,"column":3}},"11":{"start":{"line":40,"column":4},"end":{"line":42,"column":6}},"12":{"start":{"line":41,"column":15},"end":{"line":41,"column":92}},"13":{"start":{"line":41,"column":66},"end":{"line":41,"column":84}},"14":{"start":{"line":44,"column":2},"end":{"line":44,"column":18}},"15":{"start":{"line":48,"column":73},"end":{"line":48,"column":80}},"16":{"start":{"line":49,"column":18},"end":{"line":49,"column":39}},"17":{"start":{"line":51,"column":2},"end":{"line":56,"column":4}},"18":{"start":{"line":52,"column":20},"end":{"line":52,"column":67}},"19":{"start":{"line":53,"column":22},"end":{"line":53,"column":73}},"20":{"start":{"line":54,"column":4},"end":{"line":54,"column":48}},"21":{"start":{"line":54,"column":24},"end":{"line":54,"column":48}},"22":{"start":{"line":55,"column":4},"end":{"line":55,"column":52}},"23":{"start":{"line":55,"column":26},"end":{"line":55,"column":52}},"24":{"start":{"line":58,"column":2},"end":{"line":63,"column":4}},"25":{"start":{"line":59,"column":20},"end":{"line":59,"column":67}},"26":{"start":{"line":60,"column":22},"end":{"line":60,"column":73}},"27":{"start":{"line":61,"column":4},"end":{"line":61,"column":49}},"28":{"start":{"line":61,"column":24},"end":{"line":61,"column":49}},"29":{"start":{"line":62,"column":4},"end":{"line":62,"column":53}},"30":{"start":{"line":62,"column":26},"end":{"line":62,"column":53}},"31":{"start":{"line":65,"column":2},"end":{"line":70,"column":4}},"32":{"start":{"line":66,"column":20},"end":{"line":66,"column":67}},"33":{"start":{"line":67,"column":22},"end":{"line":67,"column":73}},"34":{"start":{"line":68,"column":4},"end":{"line":68,"column":50}},"35":{"start":{"line":68,"column":24},"end":{"line":68,"column":50}},"36":{"start":{"line":69,"column":4},"end":{"line":69,"column":54}},"37":{"start":{"line":69,"column":26},"end":{"line":69,"column":54}},"38":{"start":{"line":72,"column":2},"end":{"line":79,"column":4}},"39":{"start":{"line":73,"column":20},"end":{"line":73,"column":72}},"40":{"start":{"line":74,"column":22},"end":{"line":74,"column":78}},"41":{"start":{"line":75,"column":4},"end":{"line":75,"column":47}},"42":{"start":{"line":75,"column":24},"end":{"line":75,"column":47}},"43":{"start":{"line":76,"column":4},"end":{"line":76,"column":39}},"44":{"start":{"line":76,"column":26},"end":{"line":76,"column":39}},"45":{"start":{"line":78,"column":4},"end":{"line":78,"column":16}},"46":{"start":{"line":82,"column":0},"end":{"line":82,"column":26}},"47":{"start":{"line":85,"column":2},"end":{"line":92,"column":3}},"48":{"start":{"line":86,"column":23},"end":{"line":89,"column":5}},"49":{"start":{"line":90,"column":4},"end":{"line":90,"column":28}},"50":{"start":{"line":91,"column":4},"end":{"line":91,"column":22}},"51":{"start":{"line":93,"column":21},"end":{"line":93,"column":53}},"52":{"start":{"line":94,"column":2},"end":{"line":94,"column":26}},"53":{"start":{"line":95,"column":2},"end":{"line":95,"column":20}}},"fnMap":{"0":{"name":"(anonymous_0)","decl":{"start":{"line":21,"column":21},"end":{"line":21,"column":22}},"loc":{"start":{"line":21,"column":33},"end":{"line":25,"column":1}},"line":21},"1":{"name":"(anonymous_1)","decl":{"start":{"line":33,"column":22},"end":{"line":33,"column":23}},"loc":{"start":{"line":33,"column":54},"end":{"line":45,"column":1}},"line":33},"2":{"name":"(anonymous_2)","decl":{"start":{"line":36,"column":6},"end":{"line":36,"column":7}},"loc":{"start":{"line":36,"column":15},"end":{"line":36,"column":92}},"line":36},"3":{"name":"(anonymous_3)","decl":{"start":{"line":36,"column":55},"end":{"line":36,"column":56}},"loc":{"start":{"line":36,"column":65},"end":{"line":36,"column":83}},"line":36},"4":{"name":"(anonymous_4)","decl":{"start":{"line":41,"column":6},"end":{"line":41,"column":7}},"loc":{"start":{"line":41,"column":15},"end":{"line":41,"column":92}},"line":41},"5":{"name":"(anonymous_5)","decl":{"start":{"line":41,"column":56},"end":{"line":41,"column":57}},"loc":{"start":{"line":41,"column":66},"end":{"line":41,"column":84}},"line":41},"6":{"name":"globalScope","decl":{"start":{"line":47,"column":9},"end":{"line":47,"column":20}},"loc":{"start":{"line":47,"column":30},"end":{"line":80,"column":1}},"line":47},"7":{"name":"(anonymous_7)","decl":{"start":{"line":51,"column":15},"end":{"line":51,"column":16}},"loc":{"start":{"line":51,"column":28},"end":{"line":56,"column":3}},"line":51},"8":{"name":"(anonymous_8)","decl":{"start":{"line":58,"column":16},"end":{"line":58,"column":17}},"loc":{"start":{"line":58,"column":29},"end":{"line":63,"column":3}},"line":58},"9":{"name":"(anonymous_9)","decl":{"start":{"line":65,"column":17},"end":{"line":65,"column":18}},"loc":{"start":{"line":65,"column":30},"end":{"line":70,"column":3}},"line":65},"10":{"name":"(anonymous_10)","decl":{"start":{"line":72,"column":19},"end":{"line":72,"column":20}},"loc":{"start":{"line":72,"column":32},"end":{"line":79,"column":3}},"line":72},"11":{"name":"setConsoleOptions","decl":{"start":{"line":84,"column":16},"end":{"line":84,"column":33}},"loc":{"start":{"line":84,"column":47},"end":{"line":96,"column":1}},"line":84}},"branchMap":{"0":{"loc":{"start":{"line":34,"column":2},"end":{"line":38,"column":3}},"type":"if","locations":[{"start":{"line":34,"column":2},"end":{"line":38,"column":3}},{"start":{"line":34,"column":2},"end":{"line":38,"column":3}}],"line":34},"1":{"loc":{"start":{"line":36,"column":15},"end":{"line":36,"column":92}},"type":"cond-expr","locations":[{"start":{"line":36,"column":42},"end":{"line":36,"column":84}},{"start":{"line":36,"column":87},"end":{"line":36,"column":92}}],"line":36},"2":{"loc":{"start":{"line":39,"column":2},"end":{"line":43,"column":3}},"type":"if","locations":[{"start":{"line":39,"column":2},"end":{"line":43,"column":3}},{"start":{"line":39,"column":2},"end":{"line":43,"column":3}}],"line":39},"3":{"loc":{"start":{"line":41,"column":15},"end":{"line":41,"column":92}},"type":"cond-expr","locations":[{"start":{"line":41,"column":42},"end":{"line":41,"column":85}},{"start":{"line":41,"column":88},"end":{"line":41,"column":92}}],"line":41},"4":{"loc":{"start":{"line":54,"column":4},"end":{"line":54,"column":48}},"type":"if","locations":[{"start":{"line":54,"column":4},"end":{"line":54,"column":48}},{"start":{"line":54,"column":4},"end":{"line":54,"column":48}}],"line":54},"5":{"loc":{"start":{"line":55,"column":4},"end":{"line":55,"column":52}},"type":"if","locations":[{"start":{"line":55,"column":4},"end":{"line":55,"column":52}},{"start":{"line":55,"column":4},"end":{"line":55,"column":52}}],"line":55},"6":{"loc":{"start":{"line":61,"column":4},"end":{"line":61,"column":49}},"type":"if","locations":[{"start":{"line":61,"column":4},"end":{"line":61,"column":49}},{"start":{"line":61,"column":4},"end":{"line":61,"column":49}}],"line":61},"7":{"loc":{"start":{"line":62,"column":4},"end":{"line":62,"column":53}},"type":"if","locations":[{"start":{"line":62,"column":4},"end":{"line":62,"column":53}},{"start":{"line":62,"column":4},"end":{"line":62,"column":53}}],"line":62},"8":{"loc":{"start":{"line":68,"column":4},"end":{"line":68,"column":50}},"type":"if","locations":[{"start":{"line":68,"column":4},"end":{"line":68,"column":50}},{"start":{"line":68,"column":4},"end":{"line":68,"column":50}}],"line":68},"9":{"loc":{"start":{"line":69,"column":4},"end":{"line":69,"column":54}},"type":"if","locations":[{"start":{"line":69,"column":4},"end":{"line":69,"column":54}},{"start":{"line":69,"column":4},"end":{"line":69,"column":54}}],"line":69},"10":{"loc":{"start":{"line":75,"column":4},"end":{"line":75,"column":47}},"type":"if","locations":[{"start":{"line":75,"column":4},"end":{"line":75,"column":47}},{"start":{"line":75,"column":4},"end":{"line":75,"column":47}}],"line":75},"11":{"loc":{"start":{"line":76,"column":4},"end":{"line":76,"column":39}},"type":"if","locations":[{"start":{"line":76,"column":4},"end":{"line":76,"column":39}},{"start":{"line":76,"column":4},"end":{"line":76,"column":39}}],"line":76},"12":{"loc":{"start":{"line":85,"column":2},"end":{"line":92,"column":3}},"type":"if","locations":[{"start":{"line":85,"column":2},"end":{"line":92,"column":3}},{"start":{"line":85,"column":2},"end":{"line":92,"column":3}}],"line":85}},"s":{"0":1,"1":1,"2":1,"3":1,"4":21,"5":1,"6":28,"7":12,"8":14,"9":16,"10":16,"11":9,"12":23,"13":11,"14":7,"15":21,"16":21,"17":21,"18":8,"19":8,"20":8,"21":4,"22":8,"23":6,"24":21,"25":2,"26":2,"27":2,"28":1,"29":2,"30":1,"31":21,"32":2,"33":2,"34":2,"35":1,"36":2,"37":1,"38":21,"39":2,"40":2,"41":2,"42":1,"43":2,"44":1,"45":1,"46":1,"47":20,"48":19,"49":19,"50":19,"51":1,"52":1,"53":1},"f":{"0":21,"1":28,"2":14,"3":16,"4":23,"5":11,"6":21,"7":8,"8":2,"9":2,"10":2,"11":20},"b":{"0":[12,16],"1":[12,2],"2":[9,7],"3":[11,12],"4":[4,4],"5":[6,2],"6":[1,1],"7":[1,1],"8":[1,1],"9":[1,1],"10":[1,1],"11":[1,1],"12":[19,1]},"_coverageSchema":"332fd63041d2c1bcb487cc26dd0d5f7d97098a6c","hash":"5ad7d454faf685c0260efdcf8dcd4bce51e7c2d5"}
}
