{"/home/usulpro/WebDev/_sm-react/storybook-addon-console/src/index.js": {"path":"/home/usulpro/WebDev/_sm-react/storybook-addon-console/src/index.js","statementMap":{"0":{"start":{"line":7,"column":15},"end":{"line":7,"column":22}},"1":{"start":{"line":8,"column":16},"end":{"line":12,"column":1}},"2":{"start":{"line":14,"column":21},"end":{"line":22,"column":1}},"3":{"start":{"line":24,"column":21},"end":{"line":24,"column":33}},"4":{"start":{"line":26,"column":21},"end":{"line":30,"column":2}},"5":{"start":{"line":26,"column":33},"end":{"line":30,"column":1}},"6":{"start":{"line":38,"column":22},"end":{"line":50,"column":1}},"7":{"start":{"line":39,"column":2},"end":{"line":43,"column":3}},"8":{"start":{"line":40,"column":4},"end":{"line":42,"column":6}},"9":{"start":{"line":41,"column":15},"end":{"line":41,"column":92}},"10":{"start":{"line":41,"column":65},"end":{"line":41,"column":83}},"11":{"start":{"line":44,"column":2},"end":{"line":48,"column":3}},"12":{"start":{"line":45,"column":4},"end":{"line":47,"column":6}},"13":{"start":{"line":46,"column":15},"end":{"line":46,"column":92}},"14":{"start":{"line":46,"column":66},"end":{"line":46,"column":84}},"15":{"start":{"line":49,"column":2},"end":{"line":49,"column":18}},"16":{"start":{"line":53,"column":73},"end":{"line":53,"column":80}},"17":{"start":{"line":54,"column":18},"end":{"line":54,"column":39}},"18":{"start":{"line":56,"column":2},"end":{"line":61,"column":4}},"19":{"start":{"line":57,"column":20},"end":{"line":57,"column":67}},"20":{"start":{"line":58,"column":22},"end":{"line":58,"column":73}},"21":{"start":{"line":59,"column":4},"end":{"line":59,"column":48}},"22":{"start":{"line":59,"column":24},"end":{"line":59,"column":48}},"23":{"start":{"line":60,"column":4},"end":{"line":60,"column":52}},"24":{"start":{"line":60,"column":26},"end":{"line":60,"column":52}},"25":{"start":{"line":63,"column":2},"end":{"line":68,"column":4}},"26":{"start":{"line":64,"column":20},"end":{"line":64,"column":67}},"27":{"start":{"line":65,"column":22},"end":{"line":65,"column":73}},"28":{"start":{"line":66,"column":4},"end":{"line":66,"column":49}},"29":{"start":{"line":66,"column":24},"end":{"line":66,"column":49}},"30":{"start":{"line":67,"column":4},"end":{"line":67,"column":53}},"31":{"start":{"line":67,"column":26},"end":{"line":67,"column":53}},"32":{"start":{"line":70,"column":2},"end":{"line":75,"column":4}},"33":{"start":{"line":71,"column":20},"end":{"line":71,"column":67}},"34":{"start":{"line":72,"column":22},"end":{"line":72,"column":73}},"35":{"start":{"line":73,"column":4},"end":{"line":73,"column":50}},"36":{"start":{"line":73,"column":24},"end":{"line":73,"column":50}},"37":{"start":{"line":74,"column":4},"end":{"line":74,"column":54}},"38":{"start":{"line":74,"column":26},"end":{"line":74,"column":54}},"39":{"start":{"line":77,"column":2},"end":{"line":84,"column":4}},"40":{"start":{"line":78,"column":20},"end":{"line":78,"column":72}},"41":{"start":{"line":79,"column":22},"end":{"line":79,"column":78}},"42":{"start":{"line":80,"column":4},"end":{"line":80,"column":47}},"43":{"start":{"line":80,"column":24},"end":{"line":80,"column":47}},"44":{"start":{"line":81,"column":4},"end":{"line":81,"column":39}},"45":{"start":{"line":81,"column":26},"end":{"line":81,"column":39}},"46":{"start":{"line":83,"column":4},"end":{"line":83,"column":16}},"47":{"start":{"line":87,"column":0},"end":{"line":87,"column":23}},"48":{"start":{"line":89,"column":22},"end":{"line":100,"column":1}},"49":{"start":{"line":90,"column":2},"end":{"line":90,"column":33}},"50":{"start":{"line":90,"column":13},"end":{"line":90,"column":33}},"51":{"start":{"line":91,"column":2},"end":{"line":97,"column":3}},"52":{"start":{"line":92,"column":23},"end":{"line":95,"column":5}},"53":{"start":{"line":96,"column":4},"end":{"line":96,"column":22}},"54":{"start":{"line":98,"column":21},"end":{"line":98,"column":48}},"55":{"start":{"line":99,"column":2},"end":{"line":99,"column":20}},"56":{"start":{"line":103,"column":21},"end":{"line":103,"column":47}},"57":{"start":{"line":104,"column":2},"end":{"line":107,"column":4}},"58":{"start":{"line":108,"column":2},"end":{"line":108,"column":27}},"59":{"start":{"line":109,"column":2},"end":{"line":109,"column":24}},"60":{"start":{"line":113,"column":22},"end":{"line":113,"column":43}},"61":{"start":{"line":114,"column":19},"end":{"line":120,"column":8}},"62":{"start":{"line":122,"column":18},"end":{"line":126,"column":3}},"63":{"start":{"line":128,"column":2},"end":{"line":128,"column":20}},"64":{"start":{"line":129,"column":16},"end":{"line":129,"column":25}},"65":{"start":{"line":131,"column":4},"end":{"line":135,"column":6}},"66":{"start":{"line":133,"column":21},"end":{"line":133,"column":38}},"67":{"start":{"line":134,"column":23},"end":{"line":134,"column":47}},"68":{"start":{"line":138,"column":2},"end":{"line":138,"column":31}},"69":{"start":{"line":139,"column":2},"end":{"line":139,"column":27}},"70":{"start":{"line":140,"column":2},"end":{"line":140,"column":21}},"71":{"start":{"line":144,"column":21},"end":{"line":144,"column":47}},"72":{"start":{"line":145,"column":2},"end":{"line":145,"column":64}},"73":{"start":{"line":145,"column":20},"end":{"line":145,"column":63}},"74":{"start":{"line":145,"column":31},"end":{"line":145,"column":63}}},"fnMap":{"0":{"name":"(anonymous_0)","decl":{"start":{"line":26,"column":21},"end":{"line":26,"column":22}},"loc":{"start":{"line":26,"column":33},"end":{"line":30,"column":1}},"line":26},"1":{"name":"(anonymous_1)","decl":{"start":{"line":38,"column":22},"end":{"line":38,"column":23}},"loc":{"start":{"line":38,"column":54},"end":{"line":50,"column":1}},"line":38},"2":{"name":"(anonymous_2)","decl":{"start":{"line":41,"column":6},"end":{"line":41,"column":7}},"loc":{"start":{"line":41,"column":15},"end":{"line":41,"column":92}},"line":41},"3":{"name":"(anonymous_3)","decl":{"start":{"line":41,"column":55},"end":{"line":41,"column":56}},"loc":{"start":{"line":41,"column":65},"end":{"line":41,"column":83}},"line":41},"4":{"name":"(anonymous_4)","decl":{"start":{"line":46,"column":6},"end":{"line":46,"column":7}},"loc":{"start":{"line":46,"column":15},"end":{"line":46,"column":92}},"line":46},"5":{"name":"(anonymous_5)","decl":{"start":{"line":46,"column":56},"end":{"line":46,"column":57}},"loc":{"start":{"line":46,"column":66},"end":{"line":46,"column":84}},"line":46},"6":{"name":"setScope","decl":{"start":{"line":52,"column":9},"end":{"line":52,"column":17}},"loc":{"start":{"line":52,"column":27},"end":{"line":85,"column":1}},"line":52},"7":{"name":"(anonymous_7)","decl":{"start":{"line":56,"column":15},"end":{"line":56,"column":16}},"loc":{"start":{"line":56,"column":28},"end":{"line":61,"column":3}},"line":56},"8":{"name":"(anonymous_8)","decl":{"start":{"line":63,"column":16},"end":{"line":63,"column":17}},"loc":{"start":{"line":63,"column":29},"end":{"line":68,"column":3}},"line":63},"9":{"name":"(anonymous_9)","decl":{"start":{"line":70,"column":17},"end":{"line":70,"column":18}},"loc":{"start":{"line":70,"column":30},"end":{"line":75,"column":3}},"line":70},"10":{"name":"(anonymous_10)","decl":{"start":{"line":77,"column":19},"end":{"line":77,"column":20}},"loc":{"start":{"line":77,"column":32},"end":{"line":84,"column":3}},"line":77},"11":{"name":"(anonymous_11)","decl":{"start":{"line":89,"column":22},"end":{"line":89,"column":23}},"loc":{"start":{"line":89,"column":30},"end":{"line":100,"column":1}},"line":89},"12":{"name":"setConsoleOptions","decl":{"start":{"line":102,"column":16},"end":{"line":102,"column":33}},"loc":{"start":{"line":102,"column":47},"end":{"line":110,"column":1}},"line":102},"13":{"name":"addConsole","decl":{"start":{"line":112,"column":9},"end":{"line":112,"column":19}},"loc":{"start":{"line":112,"column":54},"end":{"line":141,"column":1}},"line":112},"14":{"name":"(anonymous_14)","decl":{"start":{"line":133,"column":15},"end":{"line":133,"column":16}},"loc":{"start":{"line":133,"column":21},"end":{"line":133,"column":38}},"line":133},"15":{"name":"(anonymous_15)","decl":{"start":{"line":134,"column":17},"end":{"line":134,"column":18}},"loc":{"start":{"line":134,"column":23},"end":{"line":134,"column":47}},"line":134},"16":{"name":"withConsole","decl":{"start":{"line":143,"column":16},"end":{"line":143,"column":27}},"loc":{"start":{"line":143,"column":41},"end":{"line":146,"column":1}},"line":143},"17":{"name":"(anonymous_17)","decl":{"start":{"line":145,"column":9},"end":{"line":145,"column":10}},"loc":{"start":{"line":145,"column":20},"end":{"line":145,"column":63}},"line":145},"18":{"name":"(anonymous_18)","decl":{"start":{"line":145,"column":20},"end":{"line":145,"column":21}},"loc":{"start":{"line":145,"column":31},"end":{"line":145,"column":63}},"line":145}},"branchMap":{"0":{"loc":{"start":{"line":39,"column":2},"end":{"line":43,"column":3}},"type":"if","locations":[{"start":{"line":39,"column":2},"end":{"line":43,"column":3}},{"start":{"line":39,"column":2},"end":{"line":43,"column":3}}],"line":39},"1":{"loc":{"start":{"line":41,"column":15},"end":{"line":41,"column":92}},"type":"cond-expr","locations":[{"start":{"line":41,"column":42},"end":{"line":41,"column":84}},{"start":{"line":41,"column":87},"end":{"line":41,"column":92}}],"line":41},"2":{"loc":{"start":{"line":44,"column":2},"end":{"line":48,"column":3}},"type":"if","locations":[{"start":{"line":44,"column":2},"end":{"line":48,"column":3}},{"start":{"line":44,"column":2},"end":{"line":48,"column":3}}],"line":44},"3":{"loc":{"start":{"line":46,"column":15},"end":{"line":46,"column":92}},"type":"cond-expr","locations":[{"start":{"line":46,"column":42},"end":{"line":46,"column":85}},{"start":{"line":46,"column":88},"end":{"line":46,"column":92}}],"line":46},"4":{"loc":{"start":{"line":59,"column":4},"end":{"line":59,"column":48}},"type":"if","locations":[{"start":{"line":59,"column":4},"end":{"line":59,"column":48}},{"start":{"line":59,"column":4},"end":{"line":59,"column":48}}],"line":59},"5":{"loc":{"start":{"line":60,"column":4},"end":{"line":60,"column":52}},"type":"if","locations":[{"start":{"line":60,"column":4},"end":{"line":60,"column":52}},{"start":{"line":60,"column":4},"end":{"line":60,"column":52}}],"line":60},"6":{"loc":{"start":{"line":66,"column":4},"end":{"line":66,"column":49}},"type":"if","locations":[{"start":{"line":66,"column":4},"end":{"line":66,"column":49}},{"start":{"line":66,"column":4},"end":{"line":66,"column":49}}],"line":66},"7":{"loc":{"start":{"line":67,"column":4},"end":{"line":67,"column":53}},"type":"if","locations":[{"start":{"line":67,"column":4},"end":{"line":67,"column":53}},{"start":{"line":67,"column":4},"end":{"line":67,"column":53}}],"line":67},"8":{"loc":{"start":{"line":73,"column":4},"end":{"line":73,"column":50}},"type":"if","locations":[{"start":{"line":73,"column":4},"end":{"line":73,"column":50}},{"start":{"line":73,"column":4},"end":{"line":73,"column":50}}],"line":73},"9":{"loc":{"start":{"line":74,"column":4},"end":{"line":74,"column":54}},"type":"if","locations":[{"start":{"line":74,"column":4},"end":{"line":74,"column":54}},{"start":{"line":74,"column":4},"end":{"line":74,"column":54}}],"line":74},"10":{"loc":{"start":{"line":80,"column":4},"end":{"line":80,"column":47}},"type":"if","locations":[{"start":{"line":80,"column":4},"end":{"line":80,"column":47}},{"start":{"line":80,"column":4},"end":{"line":80,"column":47}}],"line":80},"11":{"loc":{"start":{"line":81,"column":4},"end":{"line":81,"column":39}},"type":"if","locations":[{"start":{"line":81,"column":4},"end":{"line":81,"column":39}},{"start":{"line":81,"column":4},"end":{"line":81,"column":39}}],"line":81},"12":{"loc":{"start":{"line":90,"column":2},"end":{"line":90,"column":33}},"type":"if","locations":[{"start":{"line":90,"column":2},"end":{"line":90,"column":33}},{"start":{"line":90,"column":2},"end":{"line":90,"column":33}}],"line":90},"13":{"loc":{"start":{"line":91,"column":2},"end":{"line":97,"column":3}},"type":"if","locations":[{"start":{"line":91,"column":2},"end":{"line":97,"column":3}},{"start":{"line":91,"column":2},"end":{"line":97,"column":3}}],"line":91},"14":{"loc":{"start":{"line":114,"column":19},"end":{"line":120,"column":8}},"type":"cond-expr","locations":[{"start":{"line":115,"column":6},"end":{"line":119,"column":7}},{"start":{"line":120,"column":6},"end":{"line":120,"column":8}}],"line":114}},"s":{"0":1,"1":1,"2":1,"3":1,"4":1,"5":21,"6":1,"7":28,"8":12,"9":14,"10":16,"11":16,"12":11,"13":25,"14":13,"15":5,"16":21,"17":21,"18":21,"19":8,"20":8,"21":8,"22":4,"23":8,"24":6,"25":21,"26":2,"27":2,"28":2,"29":1,"30":2,"31":1,"32":21,"33":2,"34":2,"35":2,"36":1,"37":2,"38":1,"39":21,"40":2,"41":2,"42":2,"43":1,"44":2,"45":1,"46":1,"47":1,"48":1,"49":20,"50":5,"51":15,"52":14,"53":14,"54":1,"55":1,"56":20,"57":20,"58":20,"59":20,"60":0,"61":0,"62":0,"63":0,"64":0,"65":0,"66":0,"67":0,"68":0,"69":0,"70":0,"71":0,"72":0,"73":0,"74":0},"f":{"0":21,"1":28,"2":14,"3":16,"4":25,"5":13,"6":21,"7":8,"8":2,"9":2,"10":2,"11":20,"12":20,"13":0,"14":0,"15":0,"16":0,"17":0,"18":0},"b":{"0":[12,16],"1":[12,2],"2":[11,5],"3":[13,12],"4":[4,4],"5":[6,2],"6":[1,1],"7":[1,1],"8":[1,1],"9":[1,1],"10":[1,1],"11":[1,1],"12":[5,15],"13":[14,1],"14":[0,0]},"_coverageSchema":"332fd63041d2c1bcb487cc26dd0d5f7d97098a6c","hash":"f075ea85d66ad509ea0c85af33e8f7c60ef6e9ac"}
,"/home/usulpro/WebDev/_sm-react/storybook-addon-console/src/react-decorator.js": {"path":"/home/usulpro/WebDev/_sm-react/storybook-addon-console/src/react-decorator.js","statementMap":{"0":{"start":{"line":6,"column":4},"end":{"line":6,"column":17}},"1":{"start":{"line":7,"column":4},"end":{"line":7,"column":25}},"2":{"start":{"line":10,"column":4},"end":{"line":10,"column":27}},"3":{"start":{"line":13,"column":4},"end":{"line":13,"column":28}},"4":{"start":{"line":16,"column":0},"end":{"line":20,"column":2}}},"fnMap":{"0":{"name":"(anonymous_0)","decl":{"start":{"line":5,"column":2},"end":{"line":5,"column":3}},"loc":{"start":{"line":5,"column":21},"end":{"line":8,"column":3}},"line":5},"1":{"name":"(anonymous_1)","decl":{"start":{"line":9,"column":2},"end":{"line":9,"column":3}},"loc":{"start":{"line":9,"column":25},"end":{"line":11,"column":3}},"line":9},"2":{"name":"(anonymous_2)","decl":{"start":{"line":12,"column":2},"end":{"line":12,"column":3}},"loc":{"start":{"line":12,"column":11},"end":{"line":14,"column":3}},"line":12}},"branchMap":{},"s":{"0":0,"1":0,"2":0,"3":0,"4":1},"f":{"0":0,"1":0,"2":0},"b":{},"_coverageSchema":"332fd63041d2c1bcb487cc26dd0d5f7d97098a6c","hash":"1c8649535486c7a912e35bd9853ee1e275a606fd"}
}
