TN:
SF:/home/usulpro/WebDev/_sm-react/storybook-addon-console/src/index.js
FN:26,(anonymous_0)
FN:38,(anonymous_1)
FN:41,(anonymous_2)
FN:41,(anonymous_3)
FN:46,(anonymous_4)
FN:46,(anonymous_5)
FN:52,setScope
FN:56,(anonymous_7)
FN:63,(anonymous_8)
FN:70,(anonymous_9)
FN:77,(anonymous_10)
FN:89,(anonymous_11)
FN:102,setConsoleOptions
FN:112,addConsole
FN:133,(anonymous_14)
FN:134,(anonymous_15)
FN:143,withConsole
FN:145,(anonymous_17)
FN:145,(anonymous_18)
FNF:19
FNH:13
FNDA:21,(anonymous_0)
FNDA:28,(anonymous_1)
FNDA:14,(anonymous_2)
FNDA:16,(anonymous_3)
FNDA:25,(anonymous_4)
FNDA:13,(anonymous_5)
FNDA:21,setScope
FNDA:8,(anonymous_7)
FNDA:2,(anonymous_8)
FNDA:2,(anonymous_9)
FNDA:2,(anonymous_10)
FNDA:20,(anonymous_11)
FNDA:20,setConsoleOptions
FNDA:0,addConsole
FNDA:0,(anonymous_14)
FNDA:0,(anonymous_15)
FNDA:0,withConsole
FNDA:0,(anonymous_17)
FNDA:0,(anonymous_18)
DA:7,1
DA:8,1
DA:14,1
DA:24,1
DA:26,21
DA:38,1
DA:39,28
DA:40,12
DA:41,16
DA:44,16
DA:45,11
DA:46,25
DA:49,5
DA:53,21
DA:54,21
DA:56,21
DA:57,8
DA:58,8
DA:59,8
DA:60,8
DA:63,21
DA:64,2
DA:65,2
DA:66,2
DA:67,2
DA:70,21
DA:71,2
DA:72,2
DA:73,2
DA:74,2
DA:77,21
DA:78,2
DA:79,2
DA:80,2
DA:81,2
DA:83,1
DA:87,1
DA:89,1
DA:90,20
DA:91,15
DA:92,14
DA:96,14
DA:98,1
DA:99,1
DA:103,20
DA:104,20
DA:108,20
DA:109,20
DA:113,0
DA:114,0
DA:122,0
DA:128,0
DA:129,0
DA:131,0
DA:133,0
DA:134,0
DA:138,0
DA:139,0
DA:140,0
DA:144,0
DA:145,0
LF:61
LH:48
BRDA:39,0,0,12
BRDA:39,0,1,16
BRDA:41,1,0,12
BRDA:41,1,1,2
BRDA:44,2,0,11
BRDA:44,2,1,5
BRDA:46,3,0,13
BRDA:46,3,1,12
BRDA:59,4,0,4
BRDA:59,4,1,4
BRDA:60,5,0,6
BRDA:60,5,1,2
BRDA:66,6,0,1
BRDA:66,6,1,1
BRDA:67,7,0,1
BRDA:67,7,1,1
BRDA:73,8,0,1
BRDA:73,8,1,1
BRDA:74,9,0,1
BRDA:74,9,1,1
BRDA:80,10,0,1
BRDA:80,10,1,1
BRDA:81,11,0,1
BRDA:81,11,1,1
BRDA:90,12,0,5
BRDA:90,12,1,15
BRDA:91,13,0,14
BRDA:91,13,1,1
BRDA:114,14,0,0
BRDA:114,14,1,0
BRF:30
BRH:28
end_of_record
TN:
SF:/home/usulpro/WebDev/_sm-react/storybook-addon-console/src/react-decorator.js
FN:5,(anonymous_0)
FN:9,(anonymous_1)
FN:12,(anonymous_2)
FNF:3
FNH:0
FNDA:0,(anonymous_0)
FNDA:0,(anonymous_1)
FNDA:0,(anonymous_2)
DA:6,0
DA:7,0
DA:10,0
DA:13,0
DA:16,1
LF:5
LH:1
BRF:0
BRH:0
end_of_record
