TN:
SF:/home/usulpro/WebDev/_sm-react/storybook-addon-console/src/index.js
FN:21,(anonymous_0)
FN:33,(anonymous_1)
FN:36,(anonymous_2)
FN:36,(anonymous_3)
FN:41,(anonymous_4)
FN:41,(anonymous_5)
FN:47,globalScope
FN:51,(anonymous_7)
FN:58,(anonymous_8)
FN:65,(anonymous_9)
FN:72,(anonymous_10)
FN:84,setConsoleOptions
FNF:12
FNH:12
FNDA:21,(anonymous_0)
FNDA:28,(anonymous_1)
FNDA:14,(anonymous_2)
FNDA:16,(anonymous_3)
FNDA:23,(anonymous_4)
FNDA:11,(anonymous_5)
FNDA:21,globalScope
FNDA:8,(anonymous_7)
FNDA:2,(anonymous_8)
FNDA:2,(anonymous_9)
FNDA:2,(anonymous_10)
FNDA:20,setConsoleOptions
DA:4,1
DA:5,1
DA:11,1
DA:21,21
DA:33,1
DA:34,28
DA:35,12
DA:36,16
DA:39,16
DA:40,9
DA:41,23
DA:44,7
DA:48,21
DA:49,21
DA:51,21
DA:52,8
DA:53,8
DA:54,8
DA:55,8
DA:58,21
DA:59,2
DA:60,2
DA:61,2
DA:62,2
DA:65,21
DA:66,2
DA:67,2
DA:68,2
DA:69,2
DA:72,21
DA:73,2
DA:74,2
DA:75,2
DA:76,2
DA:78,1
DA:82,1
DA:85,20
DA:86,19
DA:90,19
DA:91,19
DA:93,1
DA:94,1
DA:95,1
LF:43
LH:43
BRDA:34,0,0,12
BRDA:34,0,1,16
BRDA:36,1,0,12
BRDA:36,1,1,2
BRDA:39,2,0,9
BRDA:39,2,1,7
BRDA:41,3,0,11
BRDA:41,3,1,12
BRDA:54,4,0,4
BRDA:54,4,1,4
BRDA:55,5,0,6
BRDA:55,5,1,2
BRDA:61,6,0,1
BRDA:61,6,1,1
BRDA:62,7,0,1
BRDA:62,7,1,1
BRDA:68,8,0,1
BRDA:68,8,1,1
BRDA:69,9,0,1
BRDA:69,9,1,1
BRDA:75,10,0,1
BRDA:75,10,1,1
BRDA:76,11,0,1
BRDA:76,11,1,1
BRDA:85,12,0,19
BRDA:85,12,1,1
BRF:26
BRH:26
end_of_record
